<?xml version="1.0" encoding="UTF-8"?>
<testng-results skipped="0" failed="1" total="2" passed="1">
  <reporter-output>
  </reporter-output>
  <suite name="MP测试" duration-ms="1122" started-at="2019-08-10T03:37:53Z" finished-at="2019-08-10T03:37:54Z">
    <groups>
      <group name="function">
        <method signature="EmpPageTest.testNormal(java.lang.String, java.lang.String, java.lang.String, java.lang.String, java.lang.String)[pri:0, instance:mp.emp.EmpPageTest@c038203]" name="testNormal" class="mp.emp.EmpPageTest"/>
      </group> <!-- function -->
      <group name="smoke">
        <method signature="EmpPageTest.testNormal(java.lang.String, java.lang.String, java.lang.String, java.lang.String, java.lang.String)[pri:0, instance:mp.emp.EmpPageTest@c038203]" name="testNormal" class="mp.emp.EmpPageTest"/>
      </group> <!-- smoke -->
    </groups>
    <test name="QA测试" duration-ms="1122" started-at="2019-08-10T03:37:53Z" finished-at="2019-08-10T03:37:54Z">
      <class name="mp.emp.EmpPageTest">
        <test-method status="PASS" signature="aBeforeClass()[pri:0, instance:mp.emp.EmpPageTest@c038203]" name="aBeforeClass" is-config="true" duration-ms="9" started-at="2019-08-10T11:37:53Z" finished-at="2019-08-10T11:37:53Z">
          <reporter-output>
          </reporter-output>
        </test-method> <!-- aBeforeClass -->
        <test-method status="PASS" signature="beforeClass()[pri:0, instance:mp.emp.EmpPageTest@c038203]" name="beforeClass" is-config="true" duration-ms="1" started-at="2019-08-10T11:37:53Z" finished-at="2019-08-10T11:37:53Z">
          <reporter-output>
          </reporter-output>
        </test-method> <!-- beforeClass -->
        <test-method status="PASS" signature="AbeforeMethod()[pri:0, instance:mp.emp.EmpPageTest@c038203]" name="AbeforeMethod" is-config="true" duration-ms="1" started-at="2019-08-10T11:37:53Z" finished-at="2019-08-10T11:37:53Z">
          <reporter-output>
          </reporter-output>
        </test-method> <!-- AbeforeMethod -->
        <test-method status="PASS" signature="testNormal(java.lang.String, java.lang.String, java.lang.String, java.lang.String, java.lang.String)[pri:0, instance:mp.emp.EmpPageTest@c038203]" name="testNormal" duration-ms="888" started-at="2019-08-10T11:37:53Z" description="正向测试" data-provider="testData" finished-at="2019-08-10T11:37:54Z">
          <params>
            <param index="0">
              <value>
                <![CDATA[t-001]]>
              </value>
            </param>
            <param index="1">
              <value>
                <![CDATA[正常参数]]>
              </value>
            </param>
            <param index="2">
              <value>
                <![CDATA[1]]>
              </value>
            </param>
            <param index="3">
              <value>
                <![CDATA[3]]>
              </value>
            </param>
            <param index="4">
              <value>
                <![CDATA[json:$.records[0].empName<::>=:CC]]>
              </value>
            </param>
          </params>
          <reporter-output>
          </reporter-output>
        </test-method> <!-- testNormal -->
        <test-method status="PASS" signature="AbeforeMethod()[pri:0, instance:mp.emp.EmpPageTest@c038203]" name="AbeforeMethod" is-config="true" duration-ms="0" started-at="2019-08-10T11:37:54Z" finished-at="2019-08-10T11:37:54Z">
          <reporter-output>
          </reporter-output>
        </test-method> <!-- AbeforeMethod -->
        <test-method status="FAIL" signature="testNormal(java.lang.String, java.lang.String, java.lang.String, java.lang.String, java.lang.String)[pri:0, instance:mp.emp.EmpPageTest@c038203]" name="testNormal" duration-ms="112" started-at="2019-08-10T11:37:54Z" description="正向测试" data-provider="testData" finished-at="2019-08-10T11:37:54Z">
          <params>
            <param index="0">
              <value>
                <![CDATA[t-002]]>
              </value>
            </param>
            <param index="1">
              <value>
                <![CDATA[正常参数]]>
              </value>
            </param>
            <param index="2">
              <value>
                <![CDATA[2]]>
              </value>
            </param>
            <param index="3">
              <value>
                <![CDATA[3]]>
              </value>
            </param>
            <param index="4">
              <value>
                <![CDATA[json:$.records[0].empName<::>=:CC]]>
              </value>
            </param>
          </params>
          <exception class="java.lang.AssertionError">
            <message>
              <![CDATA[响应取出的数据:ghj与期望结果不一致:CC expected [true] but found [false]]]>
            </message>
            <full-stacktrace>
              <![CDATA[java.lang.AssertionError: 响应取出的数据:ghj与期望结果不一致:CC expected [true] but found [false]
	at org.testng.Assert.fail(Assert.java:94)
	at org.testng.Assert.failNotEquals(Assert.java:496)
	at org.testng.Assert.assertTrue(Assert.java:42)
	at util.CheckUtil.checkContent(CheckUtil.java:172)
	at util.CheckUtil.checkJson(CheckUtil.java:156)
	at util.CheckUtil.checkOne(CheckUtil.java:121)
	at util.CheckUtil.check(CheckUtil.java:105)
	at mp.emp.EmpPageTest.testNormal(EmpPageTest.java:55)
	at sun.reflect.NativeMethodAccessorImpl.invoke0(Native Method)
	at sun.reflect.NativeMethodAccessorImpl.invoke(NativeMethodAccessorImpl.java:62)
	at sun.reflect.DelegatingMethodAccessorImpl.invoke(DelegatingMethodAccessorImpl.java:43)
	at java.lang.reflect.Method.invoke(Method.java:498)
	at org.testng.internal.MethodInvocationHelper.invokeMethod(MethodInvocationHelper.java:85)
	at org.testng.internal.Invoker.invokeMethod(Invoker.java:659)
	at org.testng.internal.Invoker.invokeTestMethod(Invoker.java:845)
	at org.testng.internal.Invoker.invokeTestMethods(Invoker.java:1153)
	at org.testng.internal.TestMethodWorker.invokeTestMethods(TestMethodWorker.java:125)
	at org.testng.internal.TestMethodWorker.run(TestMethodWorker.java:108)
	at org.testng.TestRunner.privateRun(TestRunner.java:771)
	at org.testng.TestRunner.run(TestRunner.java:621)
	at org.testng.SuiteRunner.runTest(SuiteRunner.java:357)
	at org.testng.SuiteRunner.runSequentially(SuiteRunner.java:352)
	at org.testng.SuiteRunner.privateRun(SuiteRunner.java:310)
	at org.testng.SuiteRunner.run(SuiteRunner.java:259)
	at org.testng.SuiteRunnerWorker.runSuite(SuiteRunnerWorker.java:52)
	at org.testng.SuiteRunnerWorker.run(SuiteRunnerWorker.java:86)
	at org.testng.TestNG.runSuitesSequentially(TestNG.java:1199)
	at org.testng.TestNG.runSuitesLocally(TestNG.java:1124)
	at org.testng.TestNG.run(TestNG.java:1032)
	at org.apache.maven.surefire.testng.TestNGExecutor.run(TestNGExecutor.java:74)
	at org.apache.maven.surefire.testng.TestNGXmlTestSuite.execute(TestNGXmlTestSuite.java:93)
	at org.apache.maven.surefire.testng.TestNGProvider.invoke(TestNGProvider.java:101)
	at sun.reflect.NativeMethodAccessorImpl.invoke0(Native Method)
	at sun.reflect.NativeMethodAccessorImpl.invoke(NativeMethodAccessorImpl.java:62)
	at sun.reflect.DelegatingMethodAccessorImpl.invoke(DelegatingMethodAccessorImpl.java:43)
	at java.lang.reflect.Method.invoke(Method.java:498)
	at org.apache.maven.surefire.booter.ProviderFactory$ClassLoaderProxy.invoke(ProviderFactory.java:103)
	at com.sun.proxy.$Proxy0.invoke(Unknown Source)
	at org.apache.maven.surefire.booter.SurefireStarter.invokeProvider(SurefireStarter.java:145)
	at org.apache.maven.surefire.booter.SurefireStarter.runSuitesInProcess(SurefireStarter.java:70)
	at org.apache.maven.surefire.booter.ForkedBooter.main(ForkedBooter.java:69)
]]>
            </full-stacktrace>
          </exception> <!-- java.lang.AssertionError -->
          <reporter-output>
          </reporter-output>
        </test-method> <!-- testNormal -->
        <test-method status="PASS" signature="allAfterSuite()[pri:0, instance:mp.emp.EmpPageTest@c038203]" name="allAfterSuite" is-config="true" duration-ms="5" started-at="2019-08-10T11:37:54Z" finished-at="2019-08-10T11:37:54Z">
          <reporter-output>
          </reporter-output>
        </test-method> <!-- allAfterSuite -->
      </class> <!-- mp.emp.EmpPageTest -->
    </test> <!-- QA测试 -->
  </suite> <!-- MP测试 -->
</testng-results>
